<?xml version="1.1" encoding="UTF-8"?>
<databaseChangeLog logicalFilePath="liquibase-update-to-latest.xml" xmlns="http://www.liquibase.org/xml/ns/dbchangelog"
	xmlns:xsi="http://www.w3.org/2001/XMLSchema-instance" xmlns:ext="http://www.liquibase.org/xml/ns/dbchangelog-ext"
	xsi:schemaLocation="http://www.liquibase.org/xml/ns/dbchangelog http://www.liquibase.org/xml/ns/dbchangelog/dbchangelog-2.0.xsd
    http://www.liquibase.org/xml/ns/dbchangelog-ext http://www.liquibase.org/xml/ns/dbchangelog/dbchangelog-ext.xsd">

    <changeSet id="2021-03-23_08_25_54" author="Test" >
		<preConditions onFail="MARK_RAN">
			<columnExists tableName="reporting_report_design_resource" columnName="contents"/>
		</preConditions>
		<comment>Modify column datatype to longblob</comment>
		<modifyDataType tableName="reporting_report_design_resource" columnName="contents" newDataType="longblob"/>
	</changeSet>
	<changeSet id="2021-03-23_08_25_55" author="Test" >
		<preConditions onFail="MARK_RAN">
			<columnExists tableName="reporting_report_design" columnName="properties"/>
		</preConditions>
		<comment>Modify column datatype to text</comment>
		<modifyDataType tableName="reporting_report_design" columnName="properties" newDataType="text"/>
	</changeSet>
</databaseChangeLog>
